  [1m[36m (1.2ms)[0m  [1mCREATE TABLE "schema_migrations" ("version" varchar NOT NULL) [0m
  [1m[35m (0.0ms)[0m  select sqlite_version(*)
  [1m[36m (1.0ms)[0m  [1mCREATE UNIQUE INDEX "unique_schema_migrations" ON "schema_migrations" ("version")[0m
  [1m[35mActiveRecord::SchemaMigration Load (0.1ms)[0m  SELECT "schema_migrations".* FROM "schema_migrations"
  [1m[36mActiveRecord::SchemaMigration Load (0.1ms)[0m  [1mSELECT "schema_migrations".* FROM "schema_migrations"[0m
Migrating to CreatePosts (20151230232412)
  [1m[35m (0.1ms)[0m  begin transaction
  [1m[36m (0.4ms)[0m  [1mCREATE TABLE "posts" ("id" INTEGER PRIMARY KEY AUTOINCREMENT NOT NULL, "title" varchar, "description" text, "created_at" datetime NOT NULL, "updated_at" datetime NOT NULL) [0m
  [1m[35mSQL (0.2ms)[0m  INSERT INTO "schema_migrations" ("version") VALUES (?)  [["version", "20151230232412"]]
  [1m[36m (1.3ms)[0m  [1mcommit transaction[0m
  [1m[35mActiveRecord::SchemaMigration Load (0.1ms)[0m  SELECT "schema_migrations".* FROM "schema_migrations"


Started GET "/posts/new" for ::1 at 2015-12-31 13:44:56 -0600
  [1m[36mActiveRecord::SchemaMigration Load (0.1ms)[0m  [1mSELECT "schema_migrations".* FROM "schema_migrations"[0m
Processing by PostsController#new as HTML
  Rendered posts/new.html.erb within layouts/application (2.1ms)
Completed 200 OK in 347ms (Views: 326.8ms | ActiveRecord: 0.2ms)


Started GET "/assets/application.self-e80e8f2318043e8af94dddc2adad5a4f09739a8ebb323b3ab31cd71d45fd9113.css?body=1" for ::1 at 2015-12-31 13:44:57 -0600


Started GET "/assets/application.self-3b8dabdc891efe46b9a144b400ad69e37d7e5876bdc39dee783419a69d7ca819.js?body=1" for ::1 at 2015-12-31 13:44:57 -0600


Started POST "/posts" for ::1 at 2015-12-31 13:45:03 -0600
Processing by PostsController#create as HTML
  Parameters: {"utf8"=>"✓", "authenticity_token"=>"mFCuNJP5reOW19phdr4zXRLzOMo4NZQ3wneiVR+RO/+owIoDiOxh24iHKkZ7DGazxbSIoRmvIOmJgA4gog1sGg==", "title"=>"Rails Introduction Quiz", "description"=>"asdfasdf", "commit"=>"Submit Post"}
  [1m[35m (0.1ms)[0m  begin transaction
  [1m[36mSQL (0.4ms)[0m  [1mINSERT INTO "posts" ("title", "description", "created_at", "updated_at") VALUES (?, ?, ?, ?)[0m  [["title", "Rails Introduction Quiz"], ["description", "asdfasdf"], ["created_at", "2015-12-31 19:45:03.614973"], ["updated_at", "2015-12-31 19:45:03.614973"]]
  [1m[35m (1.2ms)[0m  commit transaction
Redirected to http://localhost:3000/posts/1
Completed 302 Found in 22ms (ActiveRecord: 1.7ms)


Started GET "/posts/1" for ::1 at 2015-12-31 13:45:03 -0600
Processing by PostsController#show as HTML
  Parameters: {"id"=>"1"}
  [1m[36mPost Load (0.2ms)[0m  [1mSELECT  "posts".* FROM "posts" WHERE "posts"."id" = ? LIMIT 1[0m  [["id", 1]]
  Rendered posts/show.html.erb within layouts/application (0.4ms)
Completed 200 OK in 27ms (Views: 10.4ms | ActiveRecord: 0.2ms)
  [1m[36m (0.1ms)[0m  [1mbegin transaction[0m
  [1m[35mSQL (0.5ms)[0m  INSERT INTO "posts" ("title", "description", "created_at", "updated_at") VALUES (?, ?, ?, ?)  [["title", "Title Goes Here"], ["description", "Desc goes here..."], ["created_at", "2018-11-03 16:46:34.586694"], ["updated_at", "2018-11-03 16:46:34.586694"]]
  [1m[36m (1.0ms)[0m  [1mcommit transaction[0m


Started GET "/posts/new" for ::1 at 2018-11-03 12:50:03 -0400
  [1m[36mActiveRecord::SchemaMigration Load (0.1ms)[0m  [1mSELECT "schema_migrations".* FROM "schema_migrations"[0m
Processing by PostsController#new as HTML
  Rendered posts/new.html.erb within layouts/application (2.6ms)
Completed 200 OK in 475ms (Views: 448.4ms | ActiveRecord: 0.3ms)


Started POST "/posts" for ::1 at 2018-11-03 12:50:17 -0400
Processing by PostsController#create as HTML
  Parameters: {"utf8"=>"✓", "authenticity_token"=>"UpxgcwG0Tv8tm2YzBpJ6hJCUtgyZ6isauUZOdPzE7DIFgTLcdcGzJqTYNXUsQy7ssOBsD69e8TZ4+ZVEMD1HfQ==", "title"=>"Some Title ", "description"=>"Some description of a post!", "commit"=>"Submit Post"}
  [1m[35m (0.1ms)[0m  begin transaction
  [1m[36mSQL (0.5ms)[0m  [1mINSERT INTO "posts" ("title", "description", "created_at", "updated_at") VALUES (?, ?, ?, ?)[0m  [["title", "Some Title "], ["description", "Some description of a post!"], ["created_at", "2018-11-03 16:50:17.896709"], ["updated_at", "2018-11-03 16:50:17.896709"]]
  [1m[35m (0.9ms)[0m  commit transaction
Completed 500 Internal Server Error in 13ms (ActiveRecord: 1.5ms)

ActionView::MissingTemplate (Missing template posts/create, application/create with {:locale=>[:en], :formats=>[:html], :variants=>[], :handlers=>[:erb, :builder, :raw, :ruby, :coffee, :jbuilder]}. Searched in:
  * "/Users/yoanante/Development/code/mod2/CRUD-with-rails/rails-create-action-readme-nyc-web-100818/app/views"
):
  actionview (4.2.10) lib/action_view/path_set.rb:46:in `find'
  actionview (4.2.10) lib/action_view/lookup_context.rb:121:in `find'
  actionview (4.2.10) lib/action_view/renderer/abstract_renderer.rb:18:in `find_template'
  actionview (4.2.10) lib/action_view/renderer/template_renderer.rb:40:in `determine_template'
  actionview (4.2.10) lib/action_view/renderer/template_renderer.rb:8:in `render'
  actionview (4.2.10) lib/action_view/renderer/renderer.rb:46:in `render_template'
  actionview (4.2.10) lib/action_view/renderer/renderer.rb:27:in `render'
  actionview (4.2.10) lib/action_view/rendering.rb:100:in `_render_template'
  actionpack (4.2.10) lib/action_controller/metal/streaming.rb:217:in `_render_template'
  actionview (4.2.10) lib/action_view/rendering.rb:83:in `render_to_body'
  actionpack (4.2.10) lib/action_controller/metal/rendering.rb:32:in `render_to_body'
  actionpack (4.2.10) lib/action_controller/metal/renderers.rb:37:in `render_to_body'
  actionpack (4.2.10) lib/abstract_controller/rendering.rb:25:in `render'
  actionpack (4.2.10) lib/action_controller/metal/rendering.rb:16:in `render'
  actionpack (4.2.10) lib/action_controller/metal/instrumentation.rb:44:in `block (2 levels) in render'
  activesupport (4.2.10) lib/active_support/core_ext/benchmark.rb:12:in `block in ms'
  /System/Library/Frameworks/Ruby.framework/Versions/2.3/usr/lib/ruby/2.3.0/benchmark.rb:308:in `realtime'
  activesupport (4.2.10) lib/active_support/core_ext/benchmark.rb:12:in `ms'
  actionpack (4.2.10) lib/action_controller/metal/instrumentation.rb:44:in `block in render'
  actionpack (4.2.10) lib/action_controller/metal/instrumentation.rb:87:in `cleanup_view_runtime'
  activerecord (4.2.10) lib/active_record/railties/controller_runtime.rb:25:in `cleanup_view_runtime'
  actionpack (4.2.10) lib/action_controller/metal/instrumentation.rb:43:in `render'
  actionpack (4.2.10) lib/action_controller/metal/implicit_render.rb:10:in `default_render'
  actionpack (4.2.10) lib/action_controller/metal/implicit_render.rb:5:in `send_action'
  actionpack (4.2.10) lib/abstract_controller/base.rb:198:in `process_action'
  actionpack (4.2.10) lib/action_controller/metal/rendering.rb:10:in `process_action'
  actionpack (4.2.10) lib/abstract_controller/callbacks.rb:20:in `block in process_action'
  activesupport (4.2.10) lib/active_support/callbacks.rb:117:in `call'
  activesupport (4.2.10) lib/active_support/callbacks.rb:555:in `block (2 levels) in compile'
  activesupport (4.2.10) lib/active_support/callbacks.rb:505:in `call'
  activesupport (4.2.10) lib/active_support/callbacks.rb:92:in `__run_callbacks__'
  activesupport (4.2.10) lib/active_support/callbacks.rb:778:in `_run_process_action_callbacks'
  activesupport (4.2.10) lib/active_support/callbacks.rb:81:in `run_callbacks'
  actionpack (4.2.10) lib/abstract_controller/callbacks.rb:19:in `process_action'
  actionpack (4.2.10) lib/action_controller/metal/rescue.rb:29:in `process_action'
  actionpack (4.2.10) lib/action_controller/metal/instrumentation.rb:32:in `block in process_action'
  activesupport (4.2.10) lib/active_support/notifications.rb:164:in `block in instrument'
  activesupport (4.2.10) lib/active_support/notifications/instrumenter.rb:20:in `instrument'
  activesupport (4.2.10) lib/active_support/notifications.rb:164:in `instrument'
  actionpack (4.2.10) lib/action_controller/metal/instrumentation.rb:30:in `process_action'
  actionpack (4.2.10) lib/action_controller/metal/params_wrapper.rb:250:in `process_action'
  activerecord (4.2.10) lib/active_record/railties/controller_runtime.rb:18:in `process_action'
  actionpack (4.2.10) lib/abstract_controller/base.rb:137:in `process'
  actionview (4.2.10) lib/action_view/rendering.rb:30:in `process'
  actionpack (4.2.10) lib/action_controller/metal.rb:196:in `dispatch'
  actionpack (4.2.10) lib/action_controller/metal/rack_delegation.rb:13:in `dispatch'
  actionpack (4.2.10) lib/action_controller/metal.rb:237:in `block in action'
  actionpack (4.2.10) lib/action_dispatch/routing/route_set.rb:74:in `dispatch'
  actionpack (4.2.10) lib/action_dispatch/routing/route_set.rb:43:in `serve'
  actionpack (4.2.10) lib/action_dispatch/journey/router.rb:43:in `block in serve'
  actionpack (4.2.10) lib/action_dispatch/journey/router.rb:30:in `each'
  actionpack (4.2.10) lib/action_dispatch/journey/router.rb:30:in `serve'
  actionpack (4.2.10) lib/action_dispatch/routing/route_set.rb:817:in `call'
  rack (1.6.10) lib/rack/etag.rb:24:in `call'
  rack (1.6.10) lib/rack/conditionalget.rb:38:in `call'
  rack (1.6.10) lib/rack/head.rb:13:in `call'
  actionpack (4.2.10) lib/action_dispatch/middleware/params_parser.rb:27:in `call'
  actionpack (4.2.10) lib/action_dispatch/middleware/flash.rb:260:in `call'
  rack (1.6.10) lib/rack/session/abstract/id.rb:225:in `context'
  rack (1.6.10) lib/rack/session/abstract/id.rb:220:in `call'
  actionpack (4.2.10) lib/action_dispatch/middleware/cookies.rb:560:in `call'
  activerecord (4.2.10) lib/active_record/query_cache.rb:36:in `call'
  activerecord (4.2.10) lib/active_record/connection_adapters/abstract/connection_pool.rb:653:in `call'
  activerecord (4.2.10) lib/active_record/migration.rb:377:in `call'
  actionpack (4.2.10) lib/action_dispatch/middleware/callbacks.rb:29:in `block in call'
  activesupport (4.2.10) lib/active_support/callbacks.rb:88:in `__run_callbacks__'
  activesupport (4.2.10) lib/active_support/callbacks.rb:778:in `_run_call_callbacks'
  activesupport (4.2.10) lib/active_support/callbacks.rb:81:in `run_callbacks'
  actionpack (4.2.10) lib/action_dispatch/middleware/callbacks.rb:27:in `call'
  actionpack (4.2.10) lib/action_dispatch/middleware/reloader.rb:73:in `call'
  actionpack (4.2.10) lib/action_dispatch/middleware/remote_ip.rb:78:in `call'
  actionpack (4.2.10) lib/action_dispatch/middleware/debug_exceptions.rb:17:in `call'
  actionpack (4.2.10) lib/action_dispatch/middleware/show_exceptions.rb:30:in `call'
  railties (4.2.10) lib/rails/rack/logger.rb:38:in `call_app'
  railties (4.2.10) lib/rails/rack/logger.rb:20:in `block in call'
  activesupport (4.2.10) lib/active_support/tagged_logging.rb:68:in `block in tagged'
  activesupport (4.2.10) lib/active_support/tagged_logging.rb:26:in `tagged'
  activesupport (4.2.10) lib/active_support/tagged_logging.rb:68:in `tagged'
  railties (4.2.10) lib/rails/rack/logger.rb:20:in `call'
  actionpack (4.2.10) lib/action_dispatch/middleware/request_id.rb:21:in `call'
  rack (1.6.10) lib/rack/methodoverride.rb:22:in `call'
  rack (1.6.10) lib/rack/runtime.rb:18:in `call'
  activesupport (4.2.10) lib/active_support/cache/strategy/local_cache_middleware.rb:28:in `call'
  rack (1.6.10) lib/rack/lock.rb:17:in `call'
  actionpack (4.2.10) lib/action_dispatch/middleware/static.rb:120:in `call'
  rack (1.6.10) lib/rack/sendfile.rb:113:in `call'
  railties (4.2.10) lib/rails/engine.rb:518:in `call'
  railties (4.2.10) lib/rails/application.rb:165:in `call'
  rack (1.6.10) lib/rack/lock.rb:17:in `call'
  rack (1.6.10) lib/rack/content_length.rb:15:in `call'
  rack (1.6.10) lib/rack/handler/webrick.rb:88:in `service'
  /System/Library/Frameworks/Ruby.framework/Versions/2.3/usr/lib/ruby/2.3.0/webrick/httpserver.rb:140:in `service'
  /System/Library/Frameworks/Ruby.framework/Versions/2.3/usr/lib/ruby/2.3.0/webrick/httpserver.rb:96:in `run'
  /System/Library/Frameworks/Ruby.framework/Versions/2.3/usr/lib/ruby/2.3.0/webrick/server.rb:314:in `block in start_thread'


  Rendered /Users/yoanante/.rvm/gems/ruby-2.3.3/gems/actionpack-4.2.10/lib/action_dispatch/middleware/templates/rescues/_source.erb (6.1ms)
  Rendered /Users/yoanante/.rvm/gems/ruby-2.3.3/gems/actionpack-4.2.10/lib/action_dispatch/middleware/templates/rescues/_trace.html.erb (1.9ms)
  Rendered /Users/yoanante/.rvm/gems/ruby-2.3.3/gems/actionpack-4.2.10/lib/action_dispatch/middleware/templates/rescues/_request_and_response.html.erb (0.8ms)
  Rendered /Users/yoanante/.rvm/gems/ruby-2.3.3/gems/actionpack-4.2.10/lib/action_dispatch/middleware/templates/rescues/missing_template.html.erb within rescues/layout (80.3ms)
  [1m[36mPost Load (0.1ms)[0m  [1mSELECT  "posts".* FROM "posts"  ORDER BY "posts"."id" DESC LIMIT 1[0m


Started GET "/posts/new" for ::1 at 2018-11-03 12:54:08 -0400
  [1m[36mActiveRecord::SchemaMigration Load (0.1ms)[0m  [1mSELECT "schema_migrations".* FROM "schema_migrations"[0m
Processing by PostsController#new as HTML
  Rendered posts/new.html.erb within layouts/application (2.1ms)
Completed 200 OK in 261ms (Views: 229.6ms | ActiveRecord: 0.3ms)


Started POST "/posts" for ::1 at 2018-11-03 12:54:26 -0400
Processing by PostsController#create as HTML
  Parameters: {"utf8"=>"✓", "authenticity_token"=>"50zEU8bCvdDwz2VJMgCPqtPcIjRYHu831iHx1OmB9iGwUZb8srdACXmMNg8Y0dvC86j4N26qNRsXnirkJXhdbg==", "title"=>"a brand new post", "description"=>"That you've never heard of. What do you think?\r\n\r\n\r\n", "commit"=>"Submit Post"}
  [1m[35m (0.1ms)[0m  begin transaction
  [1m[36mSQL (0.5ms)[0m  [1mINSERT INTO "posts" ("title", "description", "created_at", "updated_at") VALUES (?, ?, ?, ?)[0m  [["title", "a brand new post"], ["description", "That you've never heard of. What do you think?\r\n\r\n\r\n"], ["created_at", "2018-11-03 16:54:26.200167"], ["updated_at", "2018-11-03 16:54:26.200167"]]
  [1m[35m (1.0ms)[0m  commit transaction
Redirected to http://localhost:3000/posts/4
Completed 302 Found in 6ms (ActiveRecord: 1.5ms)


Started GET "/posts/4" for ::1 at 2018-11-03 12:54:26 -0400
Processing by PostsController#show as HTML
  Parameters: {"id"=>"4"}
  [1m[36mPost Load (0.2ms)[0m  [1mSELECT  "posts".* FROM "posts" WHERE "posts"."id" = ? LIMIT 1[0m  [["id", 4]]
  Rendered posts/show.html.erb within layouts/application (0.4ms)
Completed 200 OK in 23ms (Views: 16.8ms | ActiveRecord: 0.2ms)


Started GET "/rails/info/routes" for ::1 at 2018-11-03 12:55:14 -0400
Processing by Rails::InfoController#routes as HTML
  Rendered /Users/yoanante/.rvm/gems/ruby-2.3.3/gems/actionpack-4.2.10/lib/action_dispatch/middleware/templates/routes/_route.html.erb (0.8ms)
  Rendered /Users/yoanante/.rvm/gems/ruby-2.3.3/gems/actionpack-4.2.10/lib/action_dispatch/middleware/templates/routes/_table.html.erb (8.6ms)
  Rendered /Users/yoanante/.rvm/gems/ruby-2.3.3/gems/railties-4.2.10/lib/rails/templates/rails/info/routes.html.erb within layouts/application (18.1ms)
Completed 200 OK in 31ms (Views: 30.6ms | ActiveRecord: 0.0ms)
